2025-10-17 | 19:00:27 | Conexión a la DB | Error al intentar la conexión a la base de datos.Authentication to host 'localhost' for user 'root' using method 'mysql_native_password' failed with message: Unknown database 'pruebadam1'
2025-10-17 | 19:26:26 | Conexión a la DB | Error al intentar la conexión a la base de datos.Authentication to host 'localhost' for user 'root' using method 'mysql_native_password' failed with message: Unknown database 'pruebadam1'
2025-10-19 | 22:33:29 | Conexión a la DB | Conexión cerrada correctamente
2025-10-19 | 22:35:56 | Conexión a la DB | Conexión cerrada correctamente
2025-10-19 | 22:36:25 | Conexión a la DB | Conexión cerrada correctamente
2025-10-19 | 22:37:43 | Desonexión de la DB | Conexión cerrada correctamente.
2025-10-19 | 22:39:19 | Conexión a la DB | Conexión cerrada correctamente
2025-10-19 | 22:40:02 | Desonexión de la DB | Conexión cerrada correctamente.
2025-10-19 | 22:43:16 | Conexión a la DB | Conexión cerrada correctamente
2025-10-19 | 22:43:25 | Conexión a la DB | Conexión cerrada correctamente
2025-10-19 | 22:43:48 | Desonexión de la DB | Conexión cerrada correctamente.
2025-10-19 | 22:43:56 | Conexión a la DB | Conexión cerrada correctamente
2025-10-19 | 22:44:30 | Desonexión de la DB | Conexión cerrada correctamente.
2025-10-19 | 22:52:43 | Conexión a la DB | Conexión cerrada correctamente
2025-10-19 | 22:52:51 | Desonexión de la DB | Conexión cerrada correctamente.
2025-10-19 | 22:56:13 | Conexión a la DB | Conexión cerrada correctamente
2025-10-19 | 22:56:30 | Desonexión de la DB | Conexión cerrada correctamente.
2025-10-20 | 01:19:42 | Conexión a la DB | Conexión cerrada correctamente
2025-10-20 | 01:21:12 | Desonexión de la DB | Conexión cerrada correctamente.
2025-10-20 | 01:22:34 | Conexión a la DB | Conexión cerrada correctamente
2025-10-20 | 01:23:20 | Desonexión de la DB | Conexión cerrada correctamente.
2025-10-20 | 01:26:37 | Conexión a la DB | Conexión cerrada correctamente
2025-10-20 | 01:27:02 | Desonexión de la DB | Conexión cerrada correctamente.
2025-10-20 | 01:29:26 | Conexión a la DB | Conexión cerrada correctamente
2025-10-20 | 01:30:02 | Desonexión de la DB | Conexión cerrada correctamente.
2025-10-20 | 01:31:01 | Conexión a la DB | Conexión abierta correctamente
2025-10-20 | 01:31:27 | Conexión a la DB | Conexión abierta correctamente
2025-10-20 | 01:31:30 | Desonexión de la DB | Conexión cerrada correctamente.
2025-10-20 | 01:31:36 | Conexión a la DB | Conexión abierta correctamente
2025-10-20 | 01:31:38 | Desonexión de la DB | Conexión cerrada correctamente.
2025-10-20 | 01:31:42 | Conexión a la DB | Conexión abierta correctamente
2025-10-20 | 01:31:56 | Desonexión de la DB | Conexión cerrada correctamente.
2025-10-20 | 03:04:03 | Conexión a la DB | Conexión abierta correctamente
2025-10-20 | 03:04:23 | Desonexión de la DB | Conexión cerrada correctamente.
2025-10-20 | 03:05:20 | Conexión a la DB | Conexión abierta correctamente
2025-10-20 | 03:07:17 | Desonexión de la DB | Conexión cerrada correctamente.
2025-10-20 | 17:33:47 | Conexión a la DB | Error al intentar la conexión a la base de datos.Authentication to host 'localhost' for user 'root' using method 'mysql_native_password' failed with message: Unknown database 'facturadbdam'
2025-10-24 | 18:25:14 | Conexión a la DB | Error al intentar la conexión a la base de datos.Authentication to host 'localhost' for user 'root' using method 'mysql_native_password' failed with message: Unknown database 'facturadbdam'
2025-10-24 | 18:25:23 | Conexión a la DB | Error al intentar la conexión a la base de datos.Authentication to host 'localhost' for user 'root' using method 'mysql_native_password' failed with message: Unknown database 'facturadbdam'
2025-10-24 | 18:25:25 | Conexión a la DB | Error al intentar la conexión a la base de datos.Authentication to host 'localhost' for user 'root' using method 'mysql_native_password' failed with message: Unknown database 'facturadbdam'
2025-10-24 | 18:25:44 | Conexión a la DB | Error al intentar la conexión a la base de datos.Authentication to host 'localhost' for user 'root' using method 'mysql_native_password' failed with message: Unknown database 'facturadbdam'
2025-10-24 | 18:26:20 | Conexión a la DB | Error al intentar la conexión a la base de datos.Authentication to host 'localhost' for user 'root' using method 'mysql_native_password' failed with message: Unknown database 'facturadbdam'
2025-10-24 | 18:26:22 | Conexión a la DB | Error al intentar la conexión a la base de datos.Authentication to host 'localhost' for user 'root' using method 'mysql_native_password' failed with message: Unknown database 'facturadbdam'
2025-10-24 | 18:26:55 | Conexión a la DB | Error al intentar la conexión a la base de datos.Authentication to host 'localhost' for user 'root' using method 'mysql_native_password' failed with message: Unknown database 'facturadbdam'
2025-10-24 | 18:27:00 | Conexión a la DB | Error al intentar la conexión a la base de datos.Authentication to host 'localhost' for user 'root' using method 'mysql_native_password' failed with message: Unknown database 'facturadbdam'
2025-10-24 | 18:27:04 | Conexión a la DB | Error al intentar la conexión a la base de datos.Authentication to host 'localhost' for user 'root' using method 'mysql_native_password' failed with message: Unknown database 'facturadbdam'
2025-10-24 | 18:27:39 | Conexión a la DB | Error al intentar la conexión a la base de datos.Authentication to host 'localhost' for user 'root' using method 'mysql_native_password' failed with message: Unknown database 'facturadbdam'
2025-10-24 | 18:28:20 | Conexión a la DB | Error al intentar la conexión a la base de datos.Authentication to host 'localhost' for user 'root' using method 'mysql_native_password' failed with message: Unknown database 'facturadbdam'
2025-10-24 | 18:29:00 | Conexión a la DB | Error al intentar la conexión a la base de datos.Authentication to host 'localhost' for user 'root' using method 'mysql_native_password' failed with message: Unknown database 'facturadbdam'
2025-10-24 | 18:29:43 | Conexión a la DB | Error al intentar la conexión a la base de datos.Authentication to host 'localhost' for user 'root' using method 'mysql_native_password' failed with message: Unknown database 'facturadbdam'
2025-10-24 | 18:31:51 | Conexión a la DB | Error al intentar la conexión a la base de datos.Authentication to host 'localhost' for user 'root' using method 'mysql_native_password' failed with message: Unknown database 'facturadbdam'
2025-10-24 | 18:37:29 | Conexión a la DB | Conexión abierta correctamente
2025-10-24 | 18:43:28 | Desonexión de la DB | Conexión cerrada correctamente.
2025-10-24 | 18:43:41 | Conexión a la DB | Conexión abierta correctamente
2025-10-24 | 18:43:49 | Desonexión de la DB | Conexión cerrada correctamente.
2025-10-24 | 18:44:23 | Conexión a la DB | Conexión abierta correctamente
2025-10-24 | 18:45:44 | Desonexión de la DB | Conexión cerrada correctamente.
2025-10-24 | 18:47:40 | Conexión a la DB | Conexión abierta correctamente
2025-10-24 | 18:49:00 | Desonexión de la DB | Conexión cerrada correctamente.
2025-10-24 | 18:49:07 | Conexión a la DB | Conexión abierta correctamente
2025-10-24 | 18:49:32 | Desonexión de la DB | Conexión cerrada correctamente.
2025-10-24 | 18:49:34 | Conexión a la DB | Conexión abierta correctamente
2025-10-24 | 18:49:38 | Desonexión de la DB | Conexión cerrada correctamente.
2025-10-24 | 18:49:49 | Conexión a la DB | Conexión abierta correctamente
2025-10-24 | 18:49:59 | Desonexión de la DB | Conexión cerrada correctamente.
2025-10-24 | 20:33:43 | Conexión a la DB | Error al intentar la conexión a la base de datos.Authentication to host 'localhost' for user 'root' using method 'caching_sha2_password' failed with message: Access denied for user 'root'@'localhost' (using password: YES)
2025-10-24 | 20:33:57 | Conexión a la DB | Error al intentar la conexión a la base de datos.Authentication to host 'localhost' for user 'root' using method 'caching_sha2_password' failed with message: Access denied for user 'root'@'localhost' (using password: YES)
2025-10-24 | 20:34:24 | Conexión a la DB | Error al intentar la conexión a la base de datos.Authentication to host 'localhost' for user 'root' using method 'caching_sha2_password' failed with message: Access denied for user 'root'@'localhost' (using password: YES)
2025-10-24 | 20:34:32 | Conexión a la DB | Conexión abierta correctamente
2025-10-24 | 20:34:47 | Desonexión de la DB | Conexión cerrada correctamente.
